<?xml version="1.0" encoding="UTF-8"?>
<!-- Generated by org.testng.reporters.JUnitReportReporter -->
<testsuite skipped="0" hostname="Deshan-PC" name="com.pom.test.LoginPageTest" tests="2" failures="0" timestamp="24 Sep 2019 18:28:07 GMT" time="43.021" errors="0">
  <testcase name="verifyLoginPageTitleTest" time="14.031" classname="com.pom.test.LoginPageTest"/>
  <testcase name="loginTest" time="28.990" classname="com.pom.test.LoginPageTest"/>
</testsuite> <!-- com.pom.test.LoginPageTest -->
